This file contains any messages produced by compilers while
running configure, to aid debugging if configure makes a mistake.

It was created by GNU Guix configure 1.0.1.17089-7e269, which was
generated by GNU Autoconf 2.69.  Invocation command line was

  $ ./configure --localstatedir=/var

## --------- ##
## Platform. ##
## --------- ##

hostname = antelope
uname -m = x86_64
uname -r = 5.4.35-gnu
uname -s = Linux
uname -v = #1 SMP 1

/usr/bin/uname -p = unknown
/bin/uname -X     = unknown

/bin/arch              = unknown
/usr/bin/arch -k       = unknown
/usr/convex/getsysinfo = unknown
/usr/bin/hostinfo      = unknown
/bin/machine           = unknown
/usr/bin/oslevel       = unknown
/bin/universe          = unknown

PATH: /home/bob/.guix-profile/bin
PATH: /home/bob/.guix-profile/sbin
PATH: /home/bob/.guix-profile/sbin
PATH: /gnu/store/9jpb6shw9a9adl8x9s36gayr0v1z9fmw-profile/bin
PATH: /gnu/store/9jpb6shw9a9adl8x9s36gayr0v1z9fmw-profile/sbin
PATH: /home/bob/.guix-profile/bin
PATH: /home/bob/.guix-profile/sbin
PATH: /home/bob/.guix-profile/sbin
PATH: /run/setuid-programs
PATH: /home/bob/.config/guix/current/bin
PATH: /home/bob/.guix-profile/bin
PATH: /home/bob/.guix-profile/sbin
PATH: /run/current-system/profile/bin
PATH: /run/current-system/profile/sbin


## ----------- ##
## Core tests. ##
## ----------- ##

configure:2577: checking for a BSD-compatible install
configure:2645: result: /gnu/store/9jpb6shw9a9adl8x9s36gayr0v1z9fmw-profile/bin/install -c
configure:2656: checking whether build environment is sane
configure:2711: result: yes
configure:2860: checking for a thread-safe mkdir -p
configure:2899: result: /gnu/store/9jpb6shw9a9adl8x9s36gayr0v1z9fmw-profile/bin/mkdir -p
configure:2906: checking for gawk
configure:2922: found /gnu/store/9jpb6shw9a9adl8x9s36gayr0v1z9fmw-profile/bin/gawk
configure:2933: result: gawk
configure:2944: checking whether make sets $(MAKE)
configure:2966: result: yes
configure:2995: checking whether make supports nested variables
configure:3012: result: yes
configure:3151: checking whether make supports nested variables
configure:3168: result: yes
configure:3187: checking whether make supports the include directive
configure:3202: make -f confmf.GNU && cat confinc.out
this is the am__doit target
configure:3205: $? = 0
configure:3224: result: yes (GNU style)
configure:3294: checking for gcc
configure:3310: found /gnu/store/9jpb6shw9a9adl8x9s36gayr0v1z9fmw-profile/bin/gcc
configure:3321: result: gcc
configure:3550: checking for C compiler version
configure:3559: gcc --version >&5
gcc (GCC) 7.5.0
Copyright (C) 2017 Free Software Foundation, Inc.
This is free software; see the source for copying conditions.  There is NO
warranty; not even for MERCHANTABILITY or FITNESS FOR A PARTICULAR PURPOSE.

configure:3570: $? = 0
configure:3559: gcc -v >&5
Using built-in specs.
COLLECT_GCC=gcc
COLLECT_LTO_WRAPPER=/gnu/store/rn75fm7adgx3pw5j8pg3bczfqq1y17lk-gcc-7.5.0/libexec/gcc/x86_64-unknown-linux-gnu/7.5.0/lto-wrapper
Target: x86_64-unknown-linux-gnu
Configured with: 
Thread model: posix
gcc version 7.5.0 (GCC) 
configure:3570: $? = 0
configure:3559: gcc -V >&5
gcc: error: unrecognized command line option '-V'
gcc: fatal error: no input files
compilation terminated.
configure:3570: $? = 1
configure:3559: gcc -qversion >&5
gcc: error: unrecognized command line option '-qversion'; did you mean '--version'?
gcc: fatal error: no input files
compilation terminated.
configure:3570: $? = 1
configure:3590: checking whether the C compiler works
configure:3612: gcc    conftest.c  >&5
configure:3616: $? = 0
configure:3664: result: yes
configure:3667: checking for C compiler default output file name
configure:3669: result: a.out
configure:3675: checking for suffix of executables
configure:3682: gcc -o conftest    conftest.c  >&5
configure:3686: $? = 0
configure:3708: result: 
configure:3730: checking whether we are cross compiling
configure:3738: gcc -o conftest    conftest.c  >&5
configure:3742: $? = 0
configure:3749: ./conftest
configure:3753: $? = 0
configure:3741: result: no
configure:3746: checking for suffix of object files
configure:3768: gcc -c   conftest.c >&5
configure:3772: $? = 0
configure:3793: result: o
configure:3797: checking whether we are using the GNU C compiler
configure:3816: gcc -c   conftest.c >&5
configure:3816: $? = 0
configure:3825: result: yes
configure:3834: checking whether gcc accepts -g
configure:3854: gcc -c -g  conftest.c >&5
configure:3854: $? = 0
configure:3895: result: yes
configure:3912: checking for gcc option to accept ISO C89
configure:3975: gcc  -c -g -O2  conftest.c >&5
configure:3975: $? = 0
configure:3988: result: none needed
configure:4013: checking whether gcc understands -c and -o together
configure:4035: gcc -c conftest.c -o conftest2.o
configure:4038: $? = 0
configure:4035: gcc -c conftest.c -o conftest2.o
configure:4038: $? = 0
configure:4050: result: yes
configure:4069: checking dependency style of gcc
configure:4180: result: gcc3
configure:4201: checking how to run the C preprocessor
configure:4232: gcc -E  conftest.c
configure:4232: $? = 0
configure:4246: gcc -E  conftest.c
conftest.c:11:10: fatal error: ac_nonexistent.h: No such file or directory
 #include <ac_nonexistent.h>
          ^~~~~~~~~~~~~~~~~~
compilation terminated.
configure:4246: $? = 1
configure: failed program was:
| /* confdefs.h */
| #define PACKAGE_NAME "GNU Guix"
| #define PACKAGE_TARNAME "guix"
| #define PACKAGE_VERSION "1.0.1.17089-7e269"
| #define PACKAGE_STRING "GNU Guix 1.0.1.17089-7e269"
| #define PACKAGE_BUGREPORT "bug-guix@gnu.org"
| #define PACKAGE_URL "https://www.gnu.org/software/guix/"
| #define PACKAGE "guix"
| #define VERSION "1.0.1.17089-7e269"
| /* end confdefs.h.  */
| #include <ac_nonexistent.h>
configure:4271: result: gcc -E
configure:4291: gcc -E  conftest.c
configure:4291: $? = 0
configure:4305: gcc -E  conftest.c
conftest.c:11:10: fatal error: ac_nonexistent.h: No such file or directory
 #include <ac_nonexistent.h>
          ^~~~~~~~~~~~~~~~~~
compilation terminated.
configure:4305: $? = 1
configure: failed program was:
| /* confdefs.h */
| #define PACKAGE_NAME "GNU Guix"
| #define PACKAGE_TARNAME "guix"
| #define PACKAGE_VERSION "1.0.1.17089-7e269"
| #define PACKAGE_STRING "GNU Guix 1.0.1.17089-7e269"
| #define PACKAGE_BUGREPORT "bug-guix@gnu.org"
| #define PACKAGE_URL "https://www.gnu.org/software/guix/"
| #define PACKAGE "guix"
| #define VERSION "1.0.1.17089-7e269"
| /* end confdefs.h.  */
| #include <ac_nonexistent.h>
configure:4334: checking for grep that handles long lines and -e
configure:4392: result: /gnu/store/9jpb6shw9a9adl8x9s36gayr0v1z9fmw-profile/bin/grep
configure:4397: checking for egrep
configure:4459: result: /gnu/store/9jpb6shw9a9adl8x9s36gayr0v1z9fmw-profile/bin/grep -E
configure:4464: checking for ANSI C header files
configure:4484: gcc -c -g -O2  conftest.c >&5
configure:4484: $? = 0
configure:4557: gcc -o conftest -g -O2   conftest.c  >&5
configure:4557: $? = 0
configure:4557: ./conftest
configure:4557: $? = 0
configure:4568: result: yes
configure:4581: checking for sys/types.h
configure:4581: gcc -c -g -O2  conftest.c >&5
configure:4581: $? = 0
configure:4581: result: yes
configure:4581: checking for sys/stat.h
configure:4581: gcc -c -g -O2  conftest.c >&5
configure:4581: $? = 0
configure:4581: result: yes
configure:4581: checking for stdlib.h
configure:4581: gcc -c -g -O2  conftest.c >&5
configure:4581: $? = 0
configure:4581: result: yes
configure:4581: checking for string.h
configure:4581: gcc -c -g -O2  conftest.c >&5
configure:4581: $? = 0
configure:4581: result: yes
configure:4581: checking for memory.h
configure:4581: gcc -c -g -O2  conftest.c >&5
configure:4581: $? = 0
configure:4581: result: yes
configure:4581: checking for strings.h
configure:4581: gcc -c -g -O2  conftest.c >&5
configure:4581: $? = 0
configure:4581: result: yes
configure:4581: checking for inttypes.h
configure:4581: gcc -c -g -O2  conftest.c >&5
configure:4581: $? = 0
configure:4581: result: yes
configure:4581: checking for stdint.h
configure:4581: gcc -c -g -O2  conftest.c >&5
configure:4581: $? = 0
configure:4581: result: yes
configure:4581: checking for unistd.h
configure:4581: gcc -c -g -O2  conftest.c >&5
configure:4581: $? = 0
configure:4581: result: yes
configure:4594: checking minix/config.h usability
configure:4594: gcc -c -g -O2  conftest.c >&5
conftest.c:54:10: fatal error: minix/config.h: No such file or directory
 #include <minix/config.h>
          ^~~~~~~~~~~~~~~~
compilation terminated.
configure:4594: $? = 1
configure: failed program was:
| /* confdefs.h */
| #define PACKAGE_NAME "GNU Guix"
| #define PACKAGE_TARNAME "guix"
| #define PACKAGE_VERSION "1.0.1.17089-7e269"
| #define PACKAGE_STRING "GNU Guix 1.0.1.17089-7e269"
| #define PACKAGE_BUGREPORT "bug-guix@gnu.org"
| #define PACKAGE_URL "https://www.gnu.org/software/guix/"
| #define PACKAGE "guix"
| #define VERSION "1.0.1.17089-7e269"
| #define STDC_HEADERS 1
| #define HAVE_SYS_TYPES_H 1
| #define HAVE_SYS_STAT_H 1
| #define HAVE_STDLIB_H 1
| #define HAVE_STRING_H 1
| #define HAVE_MEMORY_H 1
| #define HAVE_STRINGS_H 1
| #define HAVE_INTTYPES_H 1
| #define HAVE_STDINT_H 1
| #define HAVE_UNISTD_H 1
| /* end confdefs.h.  */
| #include <stdio.h>
| #ifdef HAVE_SYS_TYPES_H
| # include <sys/types.h>
| #endif
| #ifdef HAVE_SYS_STAT_H
| # include <sys/stat.h>
| #endif
| #ifdef STDC_HEADERS
| # include <stdlib.h>
| # include <stddef.h>
| #else
| # ifdef HAVE_STDLIB_H
| #  include <stdlib.h>
| # endif
| #endif
| #ifdef HAVE_STRING_H
| # if !defined STDC_HEADERS && defined HAVE_MEMORY_H
| #  include <memory.h>
| # endif
| # include <string.h>
| #endif
| #ifdef HAVE_STRINGS_H
| # include <strings.h>
| #endif
| #ifdef HAVE_INTTYPES_H
| # include <inttypes.h>
| #endif
| #ifdef HAVE_STDINT_H
| # include <stdint.h>
| #endif
| #ifdef HAVE_UNISTD_H
| # include <unistd.h>
| #endif
| #include <minix/config.h>
configure:4594: result: no
configure:4594: checking minix/config.h presence
configure:4594: gcc -E  conftest.c
conftest.c:21:10: fatal error: minix/config.h: No such file or directory
 #include <minix/config.h>
          ^~~~~~~~~~~~~~~~
compilation terminated.
configure:4594: $? = 1
configure: failed program was:
| /* confdefs.h */
| #define PACKAGE_NAME "GNU Guix"
| #define PACKAGE_TARNAME "guix"
| #define PACKAGE_VERSION "1.0.1.17089-7e269"
| #define PACKAGE_STRING "GNU Guix 1.0.1.17089-7e269"
| #define PACKAGE_BUGREPORT "bug-guix@gnu.org"
| #define PACKAGE_URL "https://www.gnu.org/software/guix/"
| #define PACKAGE "guix"
| #define VERSION "1.0.1.17089-7e269"
| #define STDC_HEADERS 1
| #define HAVE_SYS_TYPES_H 1
| #define HAVE_SYS_STAT_H 1
| #define HAVE_STDLIB_H 1
| #define HAVE_STRING_H 1
| #define HAVE_MEMORY_H 1
| #define HAVE_STRINGS_H 1
| #define HAVE_INTTYPES_H 1
| #define HAVE_STDINT_H 1
| #define HAVE_UNISTD_H 1
| /* end confdefs.h.  */
| #include <minix/config.h>
configure:4594: result: no
configure:4594: checking for minix/config.h
configure:4594: result: no
configure:4615: checking whether it is safe to define __EXTENSIONS__
configure:4633: gcc -c -g -O2  conftest.c >&5
configure:4633: $? = 0
configure:4640: result: yes
configure:4663: checking whether NLS is requested
configure:4672: result: yes
configure:4713: checking for msgfmt
configure: trying /gnu/store/9jpb6shw9a9adl8x9s36gayr0v1z9fmw-profile/bin/msgfmt...
0 translated messages.
configure:4745: result: /gnu/store/9jpb6shw9a9adl8x9s36gayr0v1z9fmw-profile/bin/msgfmt
configure:4754: checking for gmsgfmt
configure:4785: result: /gnu/store/9jpb6shw9a9adl8x9s36gayr0v1z9fmw-profile/bin/msgfmt
configure:4836: checking for xgettext
configure: trying /gnu/store/9jpb6shw9a9adl8x9s36gayr0v1z9fmw-profile/bin/xgettext...
/gnu/store/9jpb6shw9a9adl8x9s36gayr0v1z9fmw-profile/bin/xgettext: warning: file '/dev/null' extension '' is unknown; will try C
configure:4868: result: /gnu/store/9jpb6shw9a9adl8x9s36gayr0v1z9fmw-profile/bin/xgettext
configure:4914: checking for msgmerge
configure: trying /gnu/store/9jpb6shw9a9adl8x9s36gayr0v1z9fmw-profile/bin/msgmerge...
configure:4945: result: /gnu/store/9jpb6shw9a9adl8x9s36gayr0v1z9fmw-profile/bin/msgmerge
configure:4982: checking build system type
configure:4996: result: x86_64-pc-linux-gnu
configure:5016: checking host system type
configure:5029: result: x86_64-pc-linux-gnu
configure:5073: checking for ld used by GCC
configure:5137: result: /gnu/store/9jpb6shw9a9adl8x9s36gayr0v1z9fmw-profile/bin/ld
configure:5144: checking if the linker (/gnu/store/9jpb6shw9a9adl8x9s36gayr0v1z9fmw-profile/bin/ld) is GNU ld
configure:5157: result: yes
configure:5164: checking for shared library run path origin
configure:5177: result: done
configure:5749: checking for CFPreferencesCopyAppValue
configure:5767: gcc -o conftest -g -O2   conftest.c  -Wl,-framework -Wl,CoreFoundation >&5
conftest.c:26:10: fatal error: CoreFoundation/CFPreferences.h: No such file or directory
 #include <CoreFoundation/CFPreferences.h>
          ^~~~~~~~~~~~~~~~~~~~~~~~~~~~~~~~
compilation terminated.
configure:5767: $? = 1
configure: failed program was:
| /* confdefs.h */
| #define PACKAGE_NAME "GNU Guix"
| #define PACKAGE_TARNAME "guix"
| #define PACKAGE_VERSION "1.0.1.17089-7e269"
| #define PACKAGE_STRING "GNU Guix 1.0.1.17089-7e269"
| #define PACKAGE_BUGREPORT "bug-guix@gnu.org"
| #define PACKAGE_URL "https://www.gnu.org/software/guix/"
| #define PACKAGE "guix"
| #define VERSION "1.0.1.17089-7e269"
| #define STDC_HEADERS 1
| #define HAVE_SYS_TYPES_H 1
| #define HAVE_SYS_STAT_H 1
| #define HAVE_STDLIB_H 1
| #define HAVE_STRING_H 1
| #define HAVE_MEMORY_H 1
| #define HAVE_STRINGS_H 1
| #define HAVE_INTTYPES_H 1
| #define HAVE_STDINT_H 1
| #define HAVE_UNISTD_H 1
| #define __EXTENSIONS__ 1
| #define _ALL_SOURCE 1
| #define _GNU_SOURCE 1
| #define _POSIX_PTHREAD_SEMANTICS 1
| #define _TANDEM_SOURCE 1
| /* end confdefs.h.  */
| #include <CoreFoundation/CFPreferences.h>
| int
| main ()
| {
| CFPreferencesCopyAppValue(NULL, NULL)
|   ;
|   return 0;
| }
configure:5776: result: no
configure:5783: checking for CFLocaleCopyCurrent
configure:5801: gcc -o conftest -g -O2   conftest.c  -Wl,-framework -Wl,CoreFoundation >&5
conftest.c:26:10: fatal error: CoreFoundation/CFLocale.h: No such file or directory
 #include <CoreFoundation/CFLocale.h>
          ^~~~~~~~~~~~~~~~~~~~~~~~~~~
compilation terminated.
configure:5801: $? = 1
configure: failed program was:
| /* confdefs.h */
| #define PACKAGE_NAME "GNU Guix"
| #define PACKAGE_TARNAME "guix"
| #define PACKAGE_VERSION "1.0.1.17089-7e269"
| #define PACKAGE_STRING "GNU Guix 1.0.1.17089-7e269"
| #define PACKAGE_BUGREPORT "bug-guix@gnu.org"
| #define PACKAGE_URL "https://www.gnu.org/software/guix/"
| #define PACKAGE "guix"
| #define VERSION "1.0.1.17089-7e269"
| #define STDC_HEADERS 1
| #define HAVE_SYS_TYPES_H 1
| #define HAVE_SYS_STAT_H 1
| #define HAVE_STDLIB_H 1
| #define HAVE_STRING_H 1
| #define HAVE_MEMORY_H 1
| #define HAVE_STRINGS_H 1
| #define HAVE_INTTYPES_H 1
| #define HAVE_STDINT_H 1
| #define HAVE_UNISTD_H 1
| #define __EXTENSIONS__ 1
| #define _ALL_SOURCE 1
| #define _GNU_SOURCE 1
| #define _POSIX_PTHREAD_SEMANTICS 1
| #define _TANDEM_SOURCE 1
| /* end confdefs.h.  */
| #include <CoreFoundation/CFLocale.h>
| int
| main ()
| {
| CFLocaleCopyCurrent();
|   ;
|   return 0;
| }
configure:5810: result: no
configure:5859: checking for GNU gettext in libc
configure:5879: gcc -o conftest -g -O2   conftest.c  >&5
configure:5879: $? = 0
configure:5888: result: yes
configure:6679: checking whether to use NLS
configure:6681: result: yes
configure:6684: checking where the gettext function comes from
configure:6695: result: libc
configure:6758: checking for sed
configure:6776: found /gnu/store/9jpb6shw9a9adl8x9s36gayr0v1z9fmw-profile/bin/sed
configure:6788: result: /gnu/store/9jpb6shw9a9adl8x9s36gayr0v1z9fmw-profile/bin/sed
configure:6841: checking for the Guix system type
configure:6843: result: x86_64-linux
configure:6936: checking for the store directory
configure:6938: result: /gnu/store
configure:6960: checking the length of the installed socket file name
configure:6967: result: 30
configure:6971: checking for unit test root directory
configure:6978: result: /home/bob/gits/guix/test-tmp
configure:6983: checking the length of the socket file name used in tests
configure:6990: result: 60
configure:6994: checking the length of a typical hash bang line
configure:7001: result: 73
configure:7006: checking the length of a hash bang line used in tests
configure:7013: result: 97
configure:7110: checking for pkg-config
configure:7128: found /gnu/store/9jpb6shw9a9adl8x9s36gayr0v1z9fmw-profile/bin/pkg-config
configure:7140: result: /gnu/store/9jpb6shw9a9adl8x9s36gayr0v1z9fmw-profile/bin/pkg-config
configure:7165: checking pkg-config is at least version 0.9.0
configure:7168: result: yes
configure:7196: checking for guile 3.0
configure:7199: $PKG_CONFIG --exists --print-errors "guile-$v"
configure:7202: $? = 0
configure:7219: found guile 3.0
configure:7240: checking for guile-3.0
configure:7273: result: no
configure:7240: checking for guile3.0
configure:7273: result: no
configure:7240: checking for guile-3
configure:7273: result: no
configure:7240: checking for guile3
configure:7273: result: no
configure:7240: checking for guile
configure:7258: found /gnu/store/9jpb6shw9a9adl8x9s36gayr0v1z9fmw-profile/bin/guile
configure:7270: result: /gnu/store/9jpb6shw9a9adl8x9s36gayr0v1z9fmw-profile/bin/guile
configure:7298: checking for Guile version >= 3.0
configure:7326: result: 3.0.2
configure:7331: checking for guild
configure:7349: found /gnu/store/9jpb6shw9a9adl8x9s36gayr0v1z9fmw-profile/bin/guild
configure:7361: result: /gnu/store/9jpb6shw9a9adl8x9s36gayr0v1z9fmw-profile/bin/guild
configure:7373: checking for guile-config
configure:7391: found /gnu/store/9jpb6shw9a9adl8x9s36gayr0v1z9fmw-profile/bin/guile-config
configure:7403: result: /gnu/store/9jpb6shw9a9adl8x9s36gayr0v1z9fmw-profile/bin/guile-config
configure:7561: checking if (gnutls) is available
configure:7568: result: yes
configure:7576: checking if (git) is available
configure:7583: result: yes
configure:7592: checking whether Guile-JSON is available and recent enough
configure:7609: result: yes
configure:7617: checking whether Guile-Sqlite3 is available and recent enough
configure:7632: result: yes
configure:7640: checking whether Guile-Gcrypt is available and recent enough
configure:7657: result: yes
configure:7664: checking if (newt) is available
configure:7671: result: no
configure:7702: checking whether /gnu/store/9jpb6shw9a9adl8x9s36gayr0v1z9fmw-profile/bin/guile provides feature 'regex'
configure:7706: result: yes
configure:7702: checking whether /gnu/store/9jpb6shw9a9adl8x9s36gayr0v1z9fmw-profile/bin/guile provides feature 'posix'
configure:7706: result: yes
configure:7702: checking whether /gnu/store/9jpb6shw9a9adl8x9s36gayr0v1z9fmw-profile/bin/guile provides feature 'socket'
configure:7706: result: yes
configure:7702: checking whether /gnu/store/9jpb6shw9a9adl8x9s36gayr0v1z9fmw-profile/bin/guile provides feature 'net-db'
configure:7706: result: yes
configure:7702: checking whether /gnu/store/9jpb6shw9a9adl8x9s36gayr0v1z9fmw-profile/bin/guile provides feature 'threads'
configure:7706: result: yes
configure:7717: checking whether 'equal?' works for syntax objects
configure:7729: result: yes
configure:7737: checking for a sed that does not truncate output
configure:7801: result: /gnu/store/9jpb6shw9a9adl8x9s36gayr0v1z9fmw-profile/bin/sed
configure:7809: checking for gzip
configure:7827: found /gnu/store/9jpb6shw9a9adl8x9s36gayr0v1z9fmw-profile/bin/gzip
configure:7839: result: /gnu/store/9jpb6shw9a9adl8x9s36gayr0v1z9fmw-profile/bin/gzip
configure:7849: checking for bzip2
configure:7867: found /gnu/store/9jpb6shw9a9adl8x9s36gayr0v1z9fmw-profile/bin/bzip2
configure:7879: result: /gnu/store/9jpb6shw9a9adl8x9s36gayr0v1z9fmw-profile/bin/bzip2
configure:7889: checking for xz
configure:7907: found /gnu/store/9jpb6shw9a9adl8x9s36gayr0v1z9fmw-profile/bin/xz
configure:7919: result: /gnu/store/9jpb6shw9a9adl8x9s36gayr0v1z9fmw-profile/bin/xz
configure:7947: checking for nix-hash
configure:7980: result: no
configure:7999: checking for Nixpkgs source tree
configure:8006: result: not found
configure:8046: checking for libgcrypt-config
configure:8064: found /gnu/store/9jpb6shw9a9adl8x9s36gayr0v1z9fmw-profile/bin/libgcrypt-config
configure:8076: result: /gnu/store/9jpb6shw9a9adl8x9s36gayr0v1z9fmw-profile/bin/libgcrypt-config
configure:8084: checking libgcrypt's library directory
configure:8095: result: /gnu/store/qc3k3kd458pgrqsc7ih641160q81npwq-libgcrypt-1.8.5/lib
configure:8107: checking zlib's library directory
configure:8114: result: /gnu/store/rykm237xkmq7rl1p0nwass01p090p88x-zlib-1.2.11/lib
configure:8123: checking for zlib's shared library name
configure:8125: result: /gnu/store/rykm237xkmq7rl1p0nwass01p090p88x-zlib-1.2.11/lib/libz
configure:8131: checking lzlib's file name
configure:8142: gcc -o conftest -g -O2   conftest.c -llz >&5
conftest.c: In function 'main':
conftest.c:29:22: warning: implicit declaration of function 'LZ_decompress_open' [-Wimplicit-function-declaration]
 int main () { return LZ_decompress_open(); }
                      ^~~~~~~~~~~~~~~~~~
configure:8142: $? = 0
configure:8149: result: /gnu/store/9jpb6shw9a9adl8x9s36gayr0v1z9fmw-profile/lib/liblz.so.1
configure:8162: checking whether Guile-SSH is available and recent enough
configure:8180: result: yes
configure:8271: checking whether to build daemon
configure:8273: result: yes
configure:8334: checking for g++
configure:8350: found /gnu/store/9jpb6shw9a9adl8x9s36gayr0v1z9fmw-profile/bin/g++
configure:8361: result: g++
configure:8388: checking for C++ compiler version
configure:8397: g++ --version >&5
g++ (GCC) 7.5.0
Copyright (C) 2017 Free Software Foundation, Inc.
This is free software; see the source for copying conditions.  There is NO
warranty; not even for MERCHANTABILITY or FITNESS FOR A PARTICULAR PURPOSE.

configure:8408: $? = 0
configure:8397: g++ -v >&5
Using built-in specs.
COLLECT_GCC=g++
COLLECT_LTO_WRAPPER=/gnu/store/rn75fm7adgx3pw5j8pg3bczfqq1y17lk-gcc-7.5.0/libexec/gcc/x86_64-unknown-linux-gnu/7.5.0/lto-wrapper
Target: x86_64-unknown-linux-gnu
Configured with: 
Thread model: posix
gcc version 7.5.0 (GCC) 
configure:8408: $? = 0
configure:8397: g++ -V >&5
g++: error: unrecognized command line option '-V'
g++: fatal error: no input files
compilation terminated.
configure:8408: $? = 1
configure:8397: g++ -qversion >&5
g++: error: unrecognized command line option '-qversion'; did you mean '--version'?
g++: fatal error: no input files
compilation terminated.
configure:8408: $? = 1
configure:8412: checking whether we are using the GNU C++ compiler
configure:8431: g++ -c   conftest.cpp >&5
configure:8431: $? = 0
configure:8440: result: yes
configure:8449: checking whether g++ accepts -g
configure:8469: g++ -c -g  conftest.cpp >&5
configure:8469: $? = 0
configure:8510: result: yes
configure:8535: checking dependency style of g++
configure:8646: result: gcc3
configure:8710: checking for ar
configure:8726: found /gnu/store/9jpb6shw9a9adl8x9s36gayr0v1z9fmw-profile/bin/ar
configure:8737: result: ar
configure:8763: checking the archiver (ar) interface
configure:8779: gcc -c -g -O2  conftest.c >&5
configure:8779: $? = 0
configure:8781: ar cru libconftest.a conftest.o >&5
ar: `u' modifier ignored since `D' is the default (see `U')
configure:8784: $? = 0
configure:8783: result: ar
configure:8816: checking whether g++ supports C++11
configure:8840: g++ -c -std=c++11 -g -O2  conftest.cpp >&5
configure:8840: $? = 0
configure:8849: result: yes
configure:8900: checking for ranlib
configure:8916: found /gnu/store/9jpb6shw9a9adl8x9s36gayr0v1z9fmw-profile/bin/ranlib
configure:8927: result: ranlib
configure:8959: checking for special C compiler options needed for large files
configure:9004: result: no
configure:9010: checking for _FILE_OFFSET_BITS value needed for large files
configure:9035: g++ -c -g -O2  conftest.cpp >&5
configure:9035: $? = 0
configure:9067: result: no
configure:9153: checking for gzdopen in -lz
configure:9178: g++ -o conftest -g -O2   conftest.cpp -lz   >&5
configure:9178: $? = 0
configure:9187: result: yes
configure:9200: checking how to run the C++ preprocessor
configure:9227: g++ -E  conftest.cpp
configure:9227: $? = 0
configure:9241: g++ -E  conftest.cpp
conftest.cpp:29:10: fatal error: ac_nonexistent.h: No such file or directory
 #include <ac_nonexistent.h>
          ^~~~~~~~~~~~~~~~~~
compilation terminated.
configure:9241: $? = 1
configure: failed program was:
| /* confdefs.h */
| #define PACKAGE_NAME "GNU Guix"
| #define PACKAGE_TARNAME "guix"
| #define PACKAGE_VERSION "1.0.1.17089-7e269"
| #define PACKAGE_STRING "GNU Guix 1.0.1.17089-7e269"
| #define PACKAGE_BUGREPORT "bug-guix@gnu.org"
| #define PACKAGE_URL "https://www.gnu.org/software/guix/"
| #define PACKAGE "guix"
| #define VERSION "1.0.1.17089-7e269"
| #define STDC_HEADERS 1
| #define HAVE_SYS_TYPES_H 1
| #define HAVE_SYS_STAT_H 1
| #define HAVE_STDLIB_H 1
| #define HAVE_STRING_H 1
| #define HAVE_MEMORY_H 1
| #define HAVE_STRINGS_H 1
| #define HAVE_INTTYPES_H 1
| #define HAVE_STDINT_H 1
| #define HAVE_UNISTD_H 1
| #define __EXTENSIONS__ 1
| #define _ALL_SOURCE 1
| #define _GNU_SOURCE 1
| #define _POSIX_PTHREAD_SEMANTICS 1
| #define _TANDEM_SOURCE 1
| #define ENABLE_NLS 1
| #define HAVE_GETTEXT 1
| #define HAVE_DCGETTEXT 1
| /* end confdefs.h.  */
| #include <ac_nonexistent.h>
configure:9266: result: g++ -E
configure:9286: g++ -E  conftest.cpp
configure:9286: $? = 0
configure:9300: g++ -E  conftest.cpp
conftest.cpp:29:10: fatal error: ac_nonexistent.h: No such file or directory
 #include <ac_nonexistent.h>
          ^~~~~~~~~~~~~~~~~~
compilation terminated.
configure:9300: $? = 1
configure: failed program was:
| /* confdefs.h */
| #define PACKAGE_NAME "GNU Guix"
| #define PACKAGE_TARNAME "guix"
| #define PACKAGE_VERSION "1.0.1.17089-7e269"
| #define PACKAGE_STRING "GNU Guix 1.0.1.17089-7e269"
| #define PACKAGE_BUGREPORT "bug-guix@gnu.org"
| #define PACKAGE_URL "https://www.gnu.org/software/guix/"
| #define PACKAGE "guix"
| #define VERSION "1.0.1.17089-7e269"
| #define STDC_HEADERS 1
| #define HAVE_SYS_TYPES_H 1
| #define HAVE_SYS_STAT_H 1
| #define HAVE_STDLIB_H 1
| #define HAVE_STRING_H 1
| #define HAVE_MEMORY_H 1
| #define HAVE_STRINGS_H 1
| #define HAVE_INTTYPES_H 1
| #define HAVE_STDINT_H 1
| #define HAVE_UNISTD_H 1
| #define __EXTENSIONS__ 1
| #define _ALL_SOURCE 1
| #define _GNU_SOURCE 1
| #define _POSIX_PTHREAD_SEMANTICS 1
| #define _TANDEM_SOURCE 1
| #define ENABLE_NLS 1
| #define HAVE_GETTEXT 1
| #define HAVE_DCGETTEXT 1
| /* end confdefs.h.  */
| #include <ac_nonexistent.h>
configure:9331: checking zlib.h usability
configure:9331: g++ -c -g -O2  conftest.cpp >&5
configure:9331: $? = 0
configure:9331: result: yes
configure:9331: checking zlib.h presence
configure:9331: g++ -E  conftest.cpp
configure:9331: $? = 0
configure:9331: result: yes
configure:9331: checking for zlib.h
configure:9331: result: yes
configure:9344: checking for BZ2_bzWriteOpen in -lbz2
configure:9369: g++ -o conftest -g -O2   conftest.cpp -lbz2   >&5
configure:9369: $? = 0
configure:9378: result: yes
configure:9389: checking bzlib.h usability
configure:9389: g++ -c -g -O2  conftest.cpp >&5
configure:9389: $? = 0
configure:9389: result: yes
configure:9389: checking bzlib.h presence
configure:9389: g++ -E  conftest.cpp
configure:9389: $? = 0
configure:9389: result: yes
configure:9389: checking for bzlib.h
configure:9389: result: yes
configure:9404: checking for sqlite3 >= 3.6.19
configure:9411: $PKG_CONFIG --exists --print-errors "sqlite3 >= 3.6.19"
configure:9414: $? = 0
configure:9428: $PKG_CONFIG --exists --print-errors "sqlite3 >= 3.6.19"
configure:9431: $? = 0
configure:9489: result: yes
configure:9530: checking for gcry_md_open in -lgcrypt
configure:9555: g++ -o conftest -g -O2    conftest.cpp -lgcrypt   >&5
configure:9555: $? = 0
configure:9564: result: yes
configure:9572: checking gcrypt.h usability
configure:9572: g++ -c -g -O2  conftest.cpp >&5
configure:9572: $? = 0
configure:9572: result: yes
configure:9572: checking gcrypt.h presence
configure:9572: g++ -E  conftest.cpp
configure:9572: $? = 0
configure:9572: result: yes
configure:9572: checking for gcrypt.h
configure:9572: result: yes
configure:9590: checking for chroot
configure:9590: g++ -o conftest -g -O2   conftest.cpp  >&5
configure:9590: $? = 0
configure:9590: result: yes
configure:9590: checking for unshare
configure:9590: g++ -o conftest -g -O2   conftest.cpp  >&5
configure:9590: $? = 0
configure:9590: result: yes
configure:9602: checking sched.h usability
configure:9602: g++ -c -g -O2  conftest.cpp >&5
configure:9602: $? = 0
configure:9602: result: yes
configure:9602: checking sched.h presence
configure:9602: g++ -E  conftest.cpp
configure:9602: $? = 0
configure:9602: result: yes
configure:9602: checking for sched.h
configure:9602: result: yes
configure:9602: checking sys/param.h usability
configure:9602: g++ -c -g -O2  conftest.cpp >&5
configure:9602: $? = 0
configure:9602: result: yes
configure:9602: checking sys/param.h presence
configure:9602: g++ -E  conftest.cpp
configure:9602: $? = 0
configure:9602: result: yes
configure:9602: checking for sys/param.h
configure:9602: result: yes
configure:9602: checking sys/mount.h usability
configure:9602: g++ -c -g -O2  conftest.cpp >&5
configure:9602: $? = 0
configure:9602: result: yes
configure:9602: checking sys/mount.h presence
configure:9602: g++ -E  conftest.cpp
configure:9602: $? = 0
configure:9602: result: yes
configure:9602: checking for sys/mount.h
configure:9602: result: yes
configure:9602: checking sys/syscall.h usability
configure:9602: g++ -c -g -O2  conftest.cpp >&5
configure:9602: $? = 0
configure:9602: result: yes
configure:9602: checking sys/syscall.h presence
configure:9602: g++ -E  conftest.cpp
configure:9602: $? = 0
configure:9602: result: yes
configure:9602: checking for sys/syscall.h
configure:9602: result: yes
configure:9621: checking for lutimes
configure:9621: g++ -o conftest -g -O2   conftest.cpp  >&5
configure:9621: $? = 0
configure:9621: result: yes
configure:9621: checking for lchown
configure:9621: g++ -o conftest -g -O2   conftest.cpp  >&5
configure:9621: $? = 0
configure:9621: result: yes
configure:9621: checking for posix_fallocate
configure:9621: g++ -o conftest -g -O2   conftest.cpp  >&5
configure:9621: $? = 0
configure:9621: result: yes
configure:9621: checking for sched_setaffinity
configure:9621: g++ -o conftest -g -O2   conftest.cpp  >&5
configure:9621: $? = 0
configure:9621: result: yes
configure:9621: checking for statvfs
configure:9621: g++ -o conftest -g -O2   conftest.cpp  >&5
configure:9621: $? = 0
configure:9621: result: yes
configure:9621: checking for nanosleep
configure:9621: g++ -o conftest -g -O2   conftest.cpp  >&5
configure:9621: $? = 0
configure:9621: result: yes
configure:9621: checking for strsignal
configure:9621: g++ -o conftest -g -O2   conftest.cpp  >&5
configure:9621: $? = 0
configure:9621: result: yes
configure:9621: checking for statx
configure:9621: g++ -o conftest -g -O2   conftest.cpp  >&5
configure:9621: $? = 0
configure:9621: result: yes
configure:9631: checking whether it is possible to create a link to a symlink
configure:9635: result: yes
configure:9654: checking locale usability
configure:9654: g++ -c -g -O2  conftest.cpp >&5
configure:9654: $? = 0
configure:9654: result: yes
configure:9654: checking locale presence
configure:9654: g++ -E  conftest.cpp
configure:9654: $? = 0
configure:9654: result: yes
configure:9654: checking for locale
configure:9654: result: yes
configure:9674: checking sys/personality.h usability
configure:9674: g++ -c -g -O2  conftest.cpp >&5
configure:9674: $? = 0
configure:9674: result: yes
configure:9674: checking sys/personality.h presence
configure:9674: g++ -E  conftest.cpp
configure:9674: $? = 0
configure:9674: result: yes
configure:9674: checking for sys/personality.h
configure:9674: result: yes
configure:9687: checking for default substitute URLs
configure:9689: result: https://ci.guix.gnu.org
configure:9699: checking whether Guile-SSH is available and recent enough
configure:9717: result: yes
configure:9734: checking for unit test root directory
configure:9741: result: /home/bob/gits/guix/test-tmp
configure:9750: checking for guile
configure:9780: result: /gnu/store/9jpb6shw9a9adl8x9s36gayr0v1z9fmw-profile/bin/guile
configure:9788: checking the current installation's localstatedir
configure:9802: result: /var
configure:9994: checking that generated files are newer than configure
configure:10000: result: done
configure:10055: creating ./config.status

## ---------------------- ##
## Running config.status. ##
## ---------------------- ##

This file was extended by GNU Guix config.status 1.0.1.17089-7e269, which was
generated by GNU Autoconf 2.69.  Invocation command line was

  CONFIG_FILES    = 
  CONFIG_HEADERS  = 
  CONFIG_LINKS    = 
  CONFIG_COMMANDS = 
  $ ./config.status 

on antelope

config.status:986: creating Makefile
config.status:986: creating po/guix/Makefile.in
config.status:986: creating po/packages/Makefile.in
config.status:986: creating etc/guix-daemon.cil
config.status:986: creating guix/config.scm
config.status:986: creating test-env
config.status:986: creating pre-inst-env
config.status:986: creating nix/config.h
config.status:1215: executing depfiles commands
config.status:1292: cd .       && sed -e '/# am--include-marker/d' Makefile         | make -f - am--depfiles
config.status:1297: $? = 0
config.status:1215: executing po-directories commands

## ---------------- ##
## Cache variables. ##
## ---------------- ##

ac_cv_build=x86_64-pc-linux-gnu
ac_cv_c_compiler_gnu=yes
ac_cv_cxx_compiler_gnu=yes
ac_cv_env_CCC_set=
ac_cv_env_CCC_value=
ac_cv_env_CC_set=
ac_cv_env_CC_value=
ac_cv_env_CFLAGS_set=
ac_cv_env_CFLAGS_value=
ac_cv_env_CPPFLAGS_set=
ac_cv_env_CPPFLAGS_value=
ac_cv_env_CPP_set=
ac_cv_env_CPP_value=
ac_cv_env_CXXCPP_set=
ac_cv_env_CXXCPP_value=
ac_cv_env_CXXFLAGS_set=
ac_cv_env_CXXFLAGS_value=
ac_cv_env_CXX_set=
ac_cv_env_CXX_value=
ac_cv_env_GUILE_CFLAGS_set=
ac_cv_env_GUILE_CFLAGS_value=
ac_cv_env_GUILE_LIBS_set=
ac_cv_env_GUILE_LIBS_value=
ac_cv_env_LDFLAGS_set=
ac_cv_env_LDFLAGS_value=
ac_cv_env_LIBS_set=
ac_cv_env_LIBS_value=
ac_cv_env_PKG_CONFIG_LIBDIR_set=
ac_cv_env_PKG_CONFIG_LIBDIR_value=
ac_cv_env_PKG_CONFIG_PATH_set=set
ac_cv_env_PKG_CONFIG_PATH_value=/gnu/store/9jpb6shw9a9adl8x9s36gayr0v1z9fmw-profile/lib/pkgconfig
ac_cv_env_PKG_CONFIG_set=
ac_cv_env_PKG_CONFIG_value=
ac_cv_env_SQLITE3_CFLAGS_set=
ac_cv_env_SQLITE3_CFLAGS_value=
ac_cv_env_SQLITE3_LIBS_set=
ac_cv_env_SQLITE3_LIBS_value=
ac_cv_env_build_alias_set=
ac_cv_env_build_alias_value=
ac_cv_env_host_alias_set=
ac_cv_env_host_alias_value=
ac_cv_env_target_alias_set=
ac_cv_env_target_alias_value=
ac_cv_func_chroot=yes
ac_cv_func_lchown=yes
ac_cv_func_lutimes=yes
ac_cv_func_nanosleep=yes
ac_cv_func_posix_fallocate=yes
ac_cv_func_sched_setaffinity=yes
ac_cv_func_statvfs=yes
ac_cv_func_statx=yes
ac_cv_func_strsignal=yes
ac_cv_func_unshare=yes
ac_cv_guix_cxx11_support=yes
ac_cv_guix_hash_bang_length=73
ac_cv_guix_socket_file_name_length=30
ac_cv_guix_syntax_object_equal=yes
ac_cv_guix_test_hash_bang_length=97
ac_cv_guix_test_root=/home/bob/gits/guix/test-tmp
ac_cv_guix_test_socket_file_name_length=60
ac_cv_header_bzlib_h=yes
ac_cv_header_gcrypt_h=yes
ac_cv_header_inttypes_h=yes
ac_cv_header_locale=yes
ac_cv_header_memory_h=yes
ac_cv_header_minix_config_h=no
ac_cv_header_sched_h=yes
ac_cv_header_stdc=yes
ac_cv_header_stdint_h=yes
ac_cv_header_stdlib_h=yes
ac_cv_header_string_h=yes
ac_cv_header_strings_h=yes
ac_cv_header_sys_mount_h=yes
ac_cv_header_sys_param_h=yes
ac_cv_header_sys_personality_h=yes
ac_cv_header_sys_stat_h=yes
ac_cv_header_sys_syscall_h=yes
ac_cv_header_sys_types_h=yes
ac_cv_header_unistd_h=yes
ac_cv_header_zlib_h=yes
ac_cv_host=x86_64-pc-linux-gnu
ac_cv_lib_bz2_BZ2_bzWriteOpen=yes
ac_cv_lib_gcrypt_gcry_md_open=yes
ac_cv_lib_z_gzdopen=yes
ac_cv_objext=o
ac_cv_path_BZIP2=/gnu/store/9jpb6shw9a9adl8x9s36gayr0v1z9fmw-profile/bin/bzip2
ac_cv_path_EGREP='/gnu/store/9jpb6shw9a9adl8x9s36gayr0v1z9fmw-profile/bin/grep -E'
ac_cv_path_GMSGFMT=/gnu/store/9jpb6shw9a9adl8x9s36gayr0v1z9fmw-profile/bin/msgfmt
ac_cv_path_GREP=/gnu/store/9jpb6shw9a9adl8x9s36gayr0v1z9fmw-profile/bin/grep
ac_cv_path_GUILD=/gnu/store/9jpb6shw9a9adl8x9s36gayr0v1z9fmw-profile/bin/guild
ac_cv_path_GUILE=/gnu/store/9jpb6shw9a9adl8x9s36gayr0v1z9fmw-profile/bin/guile
ac_cv_path_GUILE_CONFIG=/gnu/store/9jpb6shw9a9adl8x9s36gayr0v1z9fmw-profile/bin/guile-config
ac_cv_path_GZIP=/gnu/store/9jpb6shw9a9adl8x9s36gayr0v1z9fmw-profile/bin/gzip
ac_cv_path_LIBGCRYPT_CONFIG=/gnu/store/9jpb6shw9a9adl8x9s36gayr0v1z9fmw-profile/bin/libgcrypt-config
ac_cv_path_MSGFMT=/gnu/store/9jpb6shw9a9adl8x9s36gayr0v1z9fmw-profile/bin/msgfmt
ac_cv_path_MSGMERGE=/gnu/store/9jpb6shw9a9adl8x9s36gayr0v1z9fmw-profile/bin/msgmerge
ac_cv_path_SED=/gnu/store/9jpb6shw9a9adl8x9s36gayr0v1z9fmw-profile/bin/sed
ac_cv_path_XGETTEXT=/gnu/store/9jpb6shw9a9adl8x9s36gayr0v1z9fmw-profile/bin/xgettext
ac_cv_path_XZ=/gnu/store/9jpb6shw9a9adl8x9s36gayr0v1z9fmw-profile/bin/xz
ac_cv_path_ac_pt_PKG_CONFIG=/gnu/store/9jpb6shw9a9adl8x9s36gayr0v1z9fmw-profile/bin/pkg-config
ac_cv_path_install='/gnu/store/9jpb6shw9a9adl8x9s36gayr0v1z9fmw-profile/bin/install -c'
ac_cv_path_mkdir=/gnu/store/9jpb6shw9a9adl8x9s36gayr0v1z9fmw-profile/bin/mkdir
ac_cv_prog_AWK=gawk
ac_cv_prog_CPP='gcc -E'
ac_cv_prog_CXXCPP='g++ -E'
ac_cv_prog_ac_ct_AR=ar
ac_cv_prog_ac_ct_CC=gcc
ac_cv_prog_ac_ct_CXX=g++
ac_cv_prog_ac_ct_RANLIB=ranlib
ac_cv_prog_cc_c89=
ac_cv_prog_cc_g=yes
ac_cv_prog_cxx_g=yes
ac_cv_prog_make_make_set=yes
ac_cv_safe_to_define___extensions__=yes
ac_cv_sys_file_offset_bits=no
ac_cv_sys_largefile_CC=no
acl_cv_hardcode_direct=no
acl_cv_hardcode_libdir_flag_spec='${wl}-rpath ${wl}$libdir'
acl_cv_hardcode_libdir_separator=
acl_cv_hardcode_minus_L=no
acl_cv_libext=a
acl_cv_libname_spec='lib$name'
acl_cv_library_names_spec='$libname$shrext'
acl_cv_path_LD=/gnu/store/9jpb6shw9a9adl8x9s36gayr0v1z9fmw-profile/bin/ld
acl_cv_prog_gnu_ld=yes
acl_cv_rpath=done
acl_cv_shlibext=so
acl_cv_wl=-Wl,
am_cv_CC_dependencies_compiler_type=gcc3
am_cv_CXX_dependencies_compiler_type=gcc3
am_cv_ar_interface=ar
am_cv_make_support_nested_variables=yes
am_cv_prog_cc_c_o=yes
gt_cv_func_CFLocaleCopyCurrent=no
gt_cv_func_CFPreferencesCopyAppValue=no
gt_cv_func_gnugettext1_libc=yes
guix_cv_current_localstatedir=/var
guix_cv_have_recent_guile_gcrypt=yes
guix_cv_have_recent_guile_json=yes
guix_cv_have_recent_guile_sqlite3=yes
guix_cv_have_recent_guile_ssh=yes
guix_cv_libgcrypt_libdir=/gnu/store/qc3k3kd458pgrqsc7ih641160q81npwq-libgcrypt-1.8.5/lib
guix_cv_liblz_libdir=/gnu/store/9jpb6shw9a9adl8x9s36gayr0v1z9fmw-profile/lib/liblz.so.1
guix_cv_libz_libdir=/gnu/store/rykm237xkmq7rl1p0nwass01p090p88x-zlib-1.2.11/lib
pkg_cv_SQLITE3_CFLAGS=-I/gnu/store/807c6g9xqrxdjyhm8wm1r6jjjmc8q4vs-sqlite-3.31.1/include
pkg_cv_SQLITE3_LIBS='-L/gnu/store/807c6g9xqrxdjyhm8wm1r6jjjmc8q4vs-sqlite-3.31.1/lib -lsqlite3'

## ----------------- ##
## Output variables. ##
## ----------------- ##

ACLOCAL='${SHELL} /home/bob/gits/guix/build-aux/missing aclocal-1.16'
AMDEPBACKSLASH='\'
AMDEP_FALSE='#'
AMDEP_TRUE=''
AMTAR='$${TAR-tar}'
AM_BACKSLASH='\'
AM_DEFAULT_V='$(AM_DEFAULT_VERBOSITY)'
AM_DEFAULT_VERBOSITY='0'
AM_V='$(V)'
AR='ar'
AUTOCONF='${SHELL} /home/bob/gits/guix/build-aux/missing autoconf'
AUTOHEADER='${SHELL} /home/bob/gits/guix/build-aux/missing autoheader'
AUTOMAKE='${SHELL} /home/bob/gits/guix/build-aux/missing automake-1.16'
AWK='gawk'
BUILD_DAEMON_FALSE='#'
BUILD_DAEMON_OFFLOAD_FALSE='#'
BUILD_DAEMON_OFFLOAD_TRUE=''
BUILD_DAEMON_TRUE=''
BZIP2='/gnu/store/9jpb6shw9a9adl8x9s36gayr0v1z9fmw-profile/bin/bzip2'
CAN_RUN_TESTS_FALSE='#'
CAN_RUN_TESTS_TRUE=''
CC='gcc'
CCDEPMODE='depmode=gcc3'
CFLAGS='-g -O2'
CPP='gcc -E'
CPPFLAGS=''
CROSS_COMPILING_FALSE=''
CROSS_COMPILING_TRUE='#'
CXX='g++'
CXXCPP='g++ -E'
CXXDEPMODE='depmode=gcc3'
CXXFLAGS='-g -O2'
CYGPATH_W='echo'
DEFS='-DHAVE_CONFIG_H'
DEPDIR='.deps'
DOT='${SHELL} /home/bob/gits/guix/build-aux/missing dot'
ECHO_C=''
ECHO_N='-n'
ECHO_T=''
EGREP='/gnu/store/9jpb6shw9a9adl8x9s36gayr0v1z9fmw-profile/bin/grep -E'
ENABLE_INSTALLER_FALSE=''
ENABLE_INSTALLER_TRUE='#'
EXEEXT=''
GETTEXT_MACRO_VERSION='0.18'
GMSGFMT='/gnu/store/9jpb6shw9a9adl8x9s36gayr0v1z9fmw-profile/bin/msgfmt'
GMSGFMT_015='/gnu/store/9jpb6shw9a9adl8x9s36gayr0v1z9fmw-profile/bin/msgfmt'
GREP='/gnu/store/9jpb6shw9a9adl8x9s36gayr0v1z9fmw-profile/bin/grep'
GUILD='/gnu/store/9jpb6shw9a9adl8x9s36gayr0v1z9fmw-profile/bin/guild'
GUILE='/gnu/store/9jpb6shw9a9adl8x9s36gayr0v1z9fmw-profile/bin/guile'
GUILE_CFLAGS=''
GUILE_CONFIG='/gnu/store/9jpb6shw9a9adl8x9s36gayr0v1z9fmw-profile/bin/guile-config'
GUILE_EFFECTIVE_VERSION='3.0'
GUILE_LIBS=''
GUILE_TOOLS='/gnu/store/9jpb6shw9a9adl8x9s36gayr0v1z9fmw-profile/bin/guild'
GUIX_TEST_ROOT='/home/bob/gits/guix/test-tmp'
GZIP='/gnu/store/9jpb6shw9a9adl8x9s36gayr0v1z9fmw-profile/bin/gzip'
HAVE_GUILE_SSH_FALSE='#'
HAVE_GUILE_SSH_TRUE=''
HAVE_LIBBZ2_FALSE='#'
HAVE_LIBBZ2_TRUE=''
HELP2MAN='${SHELL} /home/bob/gits/guix/build-aux/missing help2man'
INSTALL_DATA='${INSTALL} -m 644'
INSTALL_PROGRAM='${INSTALL}'
INSTALL_SCRIPT='${INSTALL}'
INSTALL_STRIP_PROGRAM='$(install_sh) -c -s'
INTLLIBS=''
INTL_MACOSX_LIBS=''
LDFLAGS=''
LIBGCRYPT_CFLAGS=''
LIBGCRYPT_CONFIG='/gnu/store/9jpb6shw9a9adl8x9s36gayr0v1z9fmw-profile/bin/libgcrypt-config'
LIBGCRYPT_LIBDIR='/gnu/store/qc3k3kd458pgrqsc7ih641160q81npwq-libgcrypt-1.8.5/lib'
LIBGCRYPT_LIBS='-L/gnu/store/qc3k3kd458pgrqsc7ih641160q81npwq-libgcrypt-1.8.5/lib -lgcrypt'
LIBGCRYPT_PREFIX='no'
LIBICONV='-liconv'
LIBINTL=''
LIBLZ='/gnu/store/9jpb6shw9a9adl8x9s36gayr0v1z9fmw-profile/lib/liblz'
LIBOBJS=''
LIBS=''
LIBZ='/gnu/store/rykm237xkmq7rl1p0nwass01p090p88x-zlib-1.2.11/lib/libz'
LTLIBICONV='-liconv'
LTLIBINTL=''
LTLIBOBJS=''
MAKEINFO='${SHELL} /home/bob/gits/guix/build-aux/missing makeinfo'
MKDIR_P='/gnu/store/9jpb6shw9a9adl8x9s36gayr0v1z9fmw-profile/bin/mkdir -p'
MSGFMT='/gnu/store/9jpb6shw9a9adl8x9s36gayr0v1z9fmw-profile/bin/msgfmt'
MSGFMT_015='/gnu/store/9jpb6shw9a9adl8x9s36gayr0v1z9fmw-profile/bin/msgfmt'
MSGMERGE='/gnu/store/9jpb6shw9a9adl8x9s36gayr0v1z9fmw-profile/bin/msgmerge'
NIXPKGS=''
NIX_HASH=''
NIX_PREFIX=''
OBJEXT='o'
PACKAGE='guix'
PACKAGE_BUGREPORT='bug-guix@gnu.org'
PACKAGE_NAME='GNU Guix'
PACKAGE_STRING='GNU Guix 1.0.1.17089-7e269'
PACKAGE_TARNAME='guix'
PACKAGE_URL='https://www.gnu.org/software/guix/'
PACKAGE_VERSION='1.0.1.17089-7e269'
PATH_SEPARATOR=':'
PKG_CONFIG='/gnu/store/9jpb6shw9a9adl8x9s36gayr0v1z9fmw-profile/bin/pkg-config'
PKG_CONFIG_LIBDIR=''
PKG_CONFIG_PATH='/gnu/store/9jpb6shw9a9adl8x9s36gayr0v1z9fmw-profile/lib/pkgconfig'
PO4A_TRANSLATE='${SHELL} /home/bob/gits/guix/build-aux/missing po4a-translate'
PO4A_UPDATEPO='${SHELL} /home/bob/gits/guix/build-aux/missing po4a-updatepo'
POSUB='po'
RANLIB='ranlib'
SED='/gnu/store/9jpb6shw9a9adl8x9s36gayr0v1z9fmw-profile/bin/sed'
SET_MAKE=''
SHELL='/bin/sh'
SQLITE3_CFLAGS='-I/gnu/store/807c6g9xqrxdjyhm8wm1r6jjjmc8q4vs-sqlite-3.31.1/include'
SQLITE3_LIBS='-L/gnu/store/807c6g9xqrxdjyhm8wm1r6jjjmc8q4vs-sqlite-3.31.1/lib -lsqlite3'
STRIP=''
USE_NLS='yes'
VERSION='1.0.1.17089-7e269'
XGETTEXT='/gnu/store/9jpb6shw9a9adl8x9s36gayr0v1z9fmw-profile/bin/xgettext'
XGETTEXT_015='/gnu/store/9jpb6shw9a9adl8x9s36gayr0v1z9fmw-profile/bin/xgettext'
XGETTEXT_EXTRA_OPTIONS=''
XZ='/gnu/store/9jpb6shw9a9adl8x9s36gayr0v1z9fmw-profile/bin/xz'
ac_ct_AR='ar'
ac_ct_CC='gcc'
ac_ct_CXX='g++'
am__EXEEXT_FALSE=''
am__EXEEXT_TRUE='#'
am__fastdepCC_FALSE='#'
am__fastdepCC_TRUE=''
am__fastdepCXX_FALSE='#'
am__fastdepCXX_TRUE=''
am__include='include'
am__isrc=''
am__leading_dot='.'
am__nodep='_no'
am__quote=''
am__tar='$${TAR-tar} chof - "$$tardir"'
am__untar='$${TAR-tar} xf -'
bashcompletiondir='${sysconfdir}/bash_completion.d'
bindir='${exec_prefix}/bin'
build='x86_64-pc-linux-gnu'
build_alias=''
build_cpu='x86_64'
build_os='linux-gnu'
build_vendor='pc'
datadir='${datarootdir}'
datarootdir='${prefix}/share'
docdir='${datarootdir}/doc/${PACKAGE_TARNAME}'
dvidir='${docdir}'
exec_prefix='${prefix}'
fishcompletiondir='${datadir}/fish/vendor_completions.d'
guilemoduledir='${prefix}/share/guile/site/3.0'
guileobjectdir='${exec_prefix}/lib/guile/3.0/site-ccache'
guix_localstatedir='/var'
guix_sbindir='/usr/local/sbin'
guix_sysconfdir='/usr/local/etc'
guix_system='x86_64-linux'
host='x86_64-pc-linux-gnu'
host_alias=''
host_cpu='x86_64'
host_os='linux-gnu'
host_vendor='pc'
htmldir='${docdir}'
includedir='${prefix}/include'
infodir='${datarootdir}/info'
install_sh='${SHELL} /home/bob/gits/guix/build-aux/install-sh'
libdir='${exec_prefix}/lib'
libexecdir='${exec_prefix}/libexec'
localedir='${datarootdir}/locale'
localstatedir='/var'
mandir='${datarootdir}/man'
mkdir_p='/gnu/store/9jpb6shw9a9adl8x9s36gayr0v1z9fmw-profile/bin/mkdir -p'
oldincludedir='/usr/include'
pdfdir='${docdir}'
prefix='/usr/local'
program_transform_name='s,x,x,'
psdir='${docdir}'
sbindir='${exec_prefix}/sbin'
selinux_policydir='${datadir}/selinux/'
sharedstatedir='${prefix}/com'
storedir='/gnu/store'
sysconfdir='${prefix}/etc'
target_alias=''
zshcompletiondir='${datadir}/zsh/site-functions'

## ----------- ##
## confdefs.h. ##
## ----------- ##

/* confdefs.h */
#define PACKAGE_NAME "GNU Guix"
#define PACKAGE_TARNAME "guix"
#define PACKAGE_VERSION "1.0.1.17089-7e269"
#define PACKAGE_STRING "GNU Guix 1.0.1.17089-7e269"
#define PACKAGE_BUGREPORT "bug-guix@gnu.org"
#define PACKAGE_URL "https://www.gnu.org/software/guix/"
#define PACKAGE "guix"
#define VERSION "1.0.1.17089-7e269"
#define STDC_HEADERS 1
#define HAVE_SYS_TYPES_H 1
#define HAVE_SYS_STAT_H 1
#define HAVE_STDLIB_H 1
#define HAVE_STRING_H 1
#define HAVE_MEMORY_H 1
#define HAVE_STRINGS_H 1
#define HAVE_INTTYPES_H 1
#define HAVE_STDINT_H 1
#define HAVE_UNISTD_H 1
#define __EXTENSIONS__ 1
#define _ALL_SOURCE 1
#define _GNU_SOURCE 1
#define _POSIX_PTHREAD_SEMANTICS 1
#define _TANDEM_SOURCE 1
#define ENABLE_NLS 1
#define HAVE_GETTEXT 1
#define HAVE_DCGETTEXT 1
#define HAVE_ZLIB_H 1
#define HAVE_BZLIB_H 1
#define NIX_VERSION "0.0.0"
#define SYSTEM "x86_64-linux"
#define HAVE_CHROOT 1
#define HAVE_UNSHARE 1
#define HAVE_SCHED_H 1
#define HAVE_SYS_PARAM_H 1
#define HAVE_SYS_MOUNT_H 1
#define HAVE_SYS_SYSCALL_H 1
#define HAVE_LUTIMES 1
#define HAVE_LCHOWN 1
#define HAVE_POSIX_FALLOCATE 1
#define HAVE_SCHED_SETAFFINITY 1
#define HAVE_STATVFS 1
#define HAVE_NANOSLEEP 1
#define HAVE_STRSIGNAL 1
#define HAVE_STATX 1
#define CAN_LINK_SYMLINK 1
#define HAVE_LOCALE 1
#define HAVE_SYS_PERSONALITY_H 1
#define GUIX_SUBSTITUTE_URLS "https://ci.guix.gnu.org"
#define HAVE_DAEMON_OFFLOAD_HOOK 1

configure: exit 0

## ---------------------- ##
## Running config.status. ##
## ---------------------- ##

This file was extended by GNU Guix config.status 1.0.1.17089-7e269, which was
generated by GNU Autoconf 2.69.  Invocation command line was

  CONFIG_FILES    = 
  CONFIG_HEADERS  = 
  CONFIG_LINKS    = 
  CONFIG_COMMANDS = 
  $ ./config.status Makefile depfiles

on antelope

config.status:986: creating Makefile
config.status:1215: executing depfiles commands
config.status:1292: cd .       && sed -e '/# am--include-marker/d' Makefile         | make -f - am--depfiles
make[1]: Entering directory '/home/bob/gits/guix'
make[1]: Nothing to be done for 'am--depfiles'.
make[1]: Leaving directory '/home/bob/gits/guix'
config.status:1297: $? = 0

## ---------------------- ##
## Running config.status. ##
## ---------------------- ##

This file was extended by GNU Guix config.status 1.0.1.17089-7e269, which was
generated by GNU Autoconf 2.69.  Invocation command line was

  CONFIG_FILES    = 
  CONFIG_HEADERS  = 
  CONFIG_LINKS    = 
  CONFIG_COMMANDS = 
  $ ./config.status Makefile depfiles

on antelope

config.status:986: creating Makefile
config.status:1215: executing depfiles commands
config.status:1292: cd .       && sed -e '/# am--include-marker/d' Makefile         | make -f - am--depfiles
make[1]: Entering directory '/home/bob/gits/guix'
make[1]: Nothing to be done for 'am--depfiles'.
make[1]: Leaving directory '/home/bob/gits/guix'
config.status:1297: $? = 0
